<?xml version="1.0" encoding="UTF-8"?>
<!-- Generated by org.testng.reporters.JUnitReportReporter -->
<testsuite hostname="DESKTOP-0IR92JT" failures="0" tests="1" name="com.amazon_SigninTest.SigninTest_One" time="4.300" errors="0" timestamp="2023-01-23T14:00:51 EST" skipped="0">
  <testcase classname="com.amazon_SigninTest.SigninTest_One" name="SigninTest" time="4.300"/>
  <system-out/>
</testsuite> <!-- com.amazon_SigninTest.SigninTest_One -->
