<?xml version="1.0" encoding="UTF-8"?>
<!-- Generated by org.testng.reporters.JUnitReportReporter -->
<testsuite hostname="DESKTOP-0IR92JT" failures="0" tests="1" name="com.amazon_locators.DirectLocators" time="3.648" errors="0" timestamp="2023-01-06T02:08:06 EST" skipped="0">
  <testcase classname="com.amazon_locators.DirectLocators" name="signinButton" time="3.648"/>
  <system-out/>
</testsuite> <!-- com.amazon_locators.DirectLocators -->
