<?xml version="1.0" encoding="UTF-8"?>
<!-- Generated by org.testng.reporters.JUnitReportReporter -->
<testsuite hostname="DESKTOP-0IR92JT" failures="0" tests="2" name="com.amazon_SigninTest.SigninTest_Three" time="7.204" errors="0" timestamp="2023-01-23T14:00:51 EST" skipped="0">
  <testcase classname="com.amazon_SigninTest.SigninTest_Three" name="invaPasswordTest" time="3.393"/>
  <system-out/>
  <testcase classname="com.amazon_SigninTest.SigninTest_Three" name="invalidmobileNoOremaiTest" time="3.811"/>
  <system-out/>
</testsuite> <!-- com.amazon_SigninTest.SigninTest_Three -->
