<?xml version="1.0" encoding="UTF-8"?>
<!-- Generated by org.testng.reporters.JUnitReportReporter -->
<testsuite hostname="DESKTOP-0IR92JT" failures="0" tests="2" name="com.amazon_SigninTest.SigninTest_Two" time="11.272" errors="0" timestamp="2023-01-23T15:43:24 EST" skipped="0">
  <testcase classname="com.amazon_SigninTest.SigninTest_Two" name="validSigninTest" time="5.990"/>
  <system-out/>
  <testcase classname="com.amazon_SigninTest.SigninTest_Two" name="invalidSigninTest" time="5.282"/>
  <system-out/>
</testsuite> <!-- com.amazon_SigninTest.SigninTest_Two -->
